<?xml version="1.0" encoding="UTF-8"?>
<!-- Generated by org.testng.reporters.JUnitReportReporter -->
<testsuite hostname="DESKTOP-E1K2OQS" name="Framework.HomePage" tests="3" failures="0" timestamp="27 Feb 2018 04:38:05 GMT" time="72.878" errors="0">
  <testcase name="UserCredentials" time="29.252" classname="Framework.HomePage"/>
  <testcase name="UserCredentials" time="22.810" classname="Framework.HomePage"/>
  <testcase name="UserCredentials" time="20.816" classname="Framework.HomePage"/>
</testsuite> <!-- Framework.HomePage -->
