<?xml version="1.0" encoding="UTF-8"?>
<!-- Generated by org.testng.reporters.JUnitReportReporter -->
<testsuite hostname="DESKTOP-E1K2OQS" name="Framework.TestDataProvider" tests="2" failures="0" timestamp="28 Jan 2018 13:54:32 GMT" time="0.014" errors="0">
  <testcase name="printOnScreen" time="0.012" classname="Framework.TestDataProvider"/>
  <testcase name="printOnScreen" time="0.002" classname="Framework.TestDataProvider"/>
</testsuite> <!-- Framework.TestDataProvider -->
