<?xml version="1.0" encoding="UTF-8"?>
<!-- Generated by org.testng.reporters.JUnitReportReporter -->
<testsuite hostname="DESKTOP-E1K2OQS" name="Framework.NavigateBar" tests="1" failures="0" timestamp="27 Feb 2018 04:38:05 GMT" time="1.328" errors="0">
  <testcase name="NavigateBarTest" time="1.328" classname="Framework.NavigateBar"/>
</testsuite> <!-- Framework.NavigateBar -->
