<?xml version="1.0" encoding="UTF-8"?>
<!-- Generated by org.testng.reporters.JUnitReportReporter -->
<testsuite hostname="DESKTOP-E1K2OQS" name="Framework.Facebooklogin" tests="2" failures="0" timestamp="28 Jan 2018 14:13:20 GMT" time="16.299" errors="0">
  <testcase name="LoginFB" time="9.376" classname="Framework.Facebooklogin"/>
  <testcase name="LoginFB" time="6.923" classname="Framework.Facebooklogin"/>
</testsuite> <!-- Framework.Facebooklogin -->
