<?xml version="1.0" encoding="UTF-8"?>
<!-- Generated by org.testng.reporters.JUnitReportReporter -->
<testsuite hostname="DESKTOP-E1K2OQS" name="Framework.App" tests="3" failures="0" timestamp="28 Jan 2018 20:29:19 GMT" time="118.938" errors="0">
  <testcase name="InvokeBrowser" time="41.002" classname="Framework.App"/>
  <testcase name="InvokeBrowser" time="39.160" classname="Framework.App"/>
  <testcase name="InvokeBrowser" time="38.776" classname="Framework.App"/>
</testsuite> <!-- Framework.App -->
