<?xml version="1.0" encoding="UTF-8"?>
<!-- Generated by org.testng.reporters.JUnitReportReporter -->
<testsuite hostname="DESKTOP-E1K2OQS" name="Framework.NavigateBar" tests="1" failures="0" timestamp="1 Feb 2018 18:33:20 GMT" time="4.140" errors="0">
  <testcase name="NavigateBar" time="4.140" classname="Framework.NavigateBar"/>
</testsuite> <!-- Framework.NavigateBar -->
