<?xml version="1.0" encoding="UTF-8"?>
<!-- Generated by org.testng.reporters.JUnitReportReporter -->
<testsuite hostname="DESKTOP-E1K2OQS" name="Framework.HomePage" tests="3" failures="0" timestamp="1 Feb 2018 18:33:20 GMT" time="63.704" errors="0">
  <testcase name="UserCredentials" time="21.390" classname="Framework.HomePage"/>
  <testcase name="UserCredentials" time="20.249" classname="Framework.HomePage"/>
  <testcase name="UserCredentials" time="22.065" classname="Framework.HomePage"/>
</testsuite> <!-- Framework.HomePage -->
